2024-03-17 23:30:20.828940 | Proccess Started
2024-03-17 23:30:20.828940 | Load data
2024-03-17 23:30:20.830936 | Preprocessing data
2024-03-17 23:30:20.834925 | Grid search
2024-03-17 23:30:20.968596 | Grid search | sarima_101_6 | mape: 0.15384053299027722
2024-03-17 23:30:21.238903 | Grid search | sarima_101_12 | mape: 0.12600341935010376
2024-03-17 23:30:21.528669 | Grid search | sarima_111_6 | mape: 0.2143658258146781
2024-03-17 23:30:21.950119 | Grid search | sarima_111_12 | mape: 0.1236548310740359
2024-03-17 23:30:22.235385 | Grid search | sarima_102_6 | mape: 0.17390516964971944
2024-03-17 23:30:22.738610 | Grid search | sarima_102_12 | mapepyt: 0.13186739398477113
2024-03-17 23:30:23.017409 | Grid search | sarima_112_6 | mape: 0.1288409097702303
2024-03-17 23:30:23.825070 | Grid search | sarima_112_12 | mape: 0.12408240100338458
2024-03-17 23:30:24.285855 | Grid search | sarima_211_6 | mape: 0.13387733699399315
2024-03-17 23:30:25.308933 | Grid search | sarima_211_12 | mape: 0.11863695798637065
2024-03-17 23:30:25.310928 | Select best arima
2024-03-17 23:30:25.310928 | Select best arima | Arima: (2, 1, 1) | Seasonality: (2, 1, 1, 12)
2024-03-17 23:30:25.310928 | Fit arima
2024-03-17 23:30:26.224785 | Prediction
2024-03-17 23:30:26.229772 | Save results
2024-03-17 23:30:26.231767 | Process Finished
2024-03-17 23:33:45.744024 | Proccess Started
2024-03-17 23:33:45.744024 | Load data
2024-03-17 23:33:45.746014 | Preprocessing data
2024-03-17 23:33:45.750003 | Grid search
2024-03-17 23:33:45.871193 | Grid search | sarima_101_6 | mape: 0.15384053299027722
2024-03-17 23:33:46.133045 | Grid search | sarima_101_12 | mape: 0.12600341935010376
2024-03-17 23:33:46.424809 | Grid search | sarima_111_6 | mape: 0.2143658258146781
2024-03-17 23:33:46.847744 | Grid search | sarima_111_12 | mape: 0.1236548310740359
2024-03-17 23:33:47.136518 | Grid search | sarima_102_6 | mape: 0.17390516964971944
2024-03-17 23:33:47.638751 | Grid search | sarima_102_12 | mape: 0.13186739398477113
2024-03-17 23:33:47.917549 | Grid search | sarima_112_6 | mape: 0.1288409097702303
2024-03-17 23:33:48.726500 | Grid search | sarima_112_12 | mape: 0.12408240100338458
2024-03-17 23:33:49.178348 | Grid search | sarima_211_6 | mape: 0.13387733699399315
2024-03-17 23:33:50.175815 | Grid search | sarima_211_12 | mape: 0.11863695798637065
2024-03-17 23:33:50.176816 | Select best arima
2024-03-17 23:33:50.176816 | Select best arima | Arima: (2, 1, 1) | Seasonality: (2, 1, 1, 12)
2024-03-17 23:33:50.176816 | Fit arima
2024-03-17 23:33:51.063075 | Prediction
2024-03-17 23:33:51.068062 | Save results
2024-03-17 23:33:51.070056 | Process Finished
2024-03-18 10:34:24.152488 | Proccess Started
2024-03-18 10:34:24.152488 | Load data
2024-03-18 10:34:24.154483 | Preprocessing data
2024-03-18 10:34:24.157475 | Grid search
2024-03-18 10:34:24.283656 | Grid search | sarima_101_6 | mape: 0.15384053299027722
2024-03-18 10:34:24.555474 | Grid search | sarima_101_12 | mape: 0.12600341935010376
2024-03-18 10:34:24.854233 | Grid search | sarima_111_6 | mape: 0.2143658258146781
2024-03-18 10:34:25.290146 | Grid search | sarima_111_12 | mape: 0.1236548310740359
2024-03-18 10:34:25.581912 | Grid search | sarima_102_6 | mape: 0.17390516964971944
2024-03-18 10:34:26.087157 | Grid search | sarima_102_12 | mape: 0.13186739398477113
2024-03-18 10:34:26.374939 | Grid search | sarima_112_6 | mape: 0.1288409097702303
2024-03-18 10:34:27.188885 | Grid search | sarima_112_12 | mape: 0.12408240100338458
2024-03-18 10:34:27.649506 | Grid search | sarima_211_6 | mape: 0.13387733699399315
2024-03-18 10:34:28.648493 | Grid search | sarima_211_12 | mape: 0.11863695798637065
2024-03-18 10:34:28.649491 | Select best arima
2024-03-18 10:34:28.649491 | Select best arima | Arima: (2, 1, 1) | Seasonality: (2, 1, 1, 12)
2024-03-18 10:34:28.649491 | Fit arima
2024-03-18 10:34:29.582619 | Prediction
2024-03-18 10:34:29.586608 | Save results
2024-03-18 10:34:29.589603 | Process Finished
2024-03-18 10:49:26.883370 | Proccess Started
2024-03-18 10:49:26.883370 | Load data
2024-03-18 10:49:26.886341 | Preprocessing data
2024-03-18 10:49:26.891328 | Grid search
2024-03-18 10:49:27.019017 | Grid search | sarima_101_6 | mape: 0.15384053299027722
2024-03-18 10:49:27.285335 | Grid search | sarima_101_12 | mape: 0.12600341935010376
2024-03-18 10:49:27.576104 | Grid search | sarima_111_6 | mape: 0.2143658258146781
2024-03-18 10:49:28.009014 | Grid search | sarima_111_12 | mape: 0.1236548310740359
2024-03-18 10:49:28.295820 | Grid search | sarima_102_6 | mape: 0.17390516964971944
2024-03-18 10:49:28.809253 | Grid search | sarima_102_12 | mape: 0.13186739398477113
2024-03-18 10:49:29.087998 | Grid search | sarima_112_6 | mape: 0.1288409097702303
2024-03-18 10:49:29.898951 | Grid search | sarima_112_12 | mape: 0.12408240100338458
2024-03-18 10:49:30.348321 | Grid search | sarima_211_6 | mape: 0.13387733699399315
2024-03-18 10:49:31.342800 | Grid search | sarima_211_12 | mape: 0.11863695798637065
2024-03-18 10:49:31.343798 | Select best arima
2024-03-18 10:49:31.344796 | Select best arima | Arima: (2, 1, 1) | Seasonality: (2, 1, 1, 12)
2024-03-18 10:49:31.344796 | Fit arima
2024-03-18 10:49:32.250990 | Prediction
2024-03-18 10:49:32.255977 | Save results
2024-03-18 10:49:32.257971 | Process Finished
